21/07/29 11:03:53 WARN NativeCodeLoader: Unable to load native-hadoop library for your platform... using builtin-java classes where applicable
21/07/29 11:03:53 INFO Client: 
21/07/29 11:03:53 INFO Client: ********************************************************
21/07/29 11:03:53 INFO Client: *                    Zingg AI                           *
21/07/29 11:03:53 INFO Client: *               (C) 2021 Zingg.AI                       *
21/07/29 11:03:53 INFO Client: ********************************************************
21/07/29 11:03:53 INFO Client: 
21/07/29 11:03:53 INFO Client: using: Zingg v0.3
21/07/29 11:03:53 INFO Client: 
21/07/29 11:03:54 WARN Arguments: Config Argument is examples/febrl120k/config.json
21/07/29 11:03:55 WARN Arguments: phase is match
21/07/29 11:03:55 WARN SparkConf: Note that spark.local.dir will be overridden by the value set by the cluster manager (via SPARK_LOCAL_DIRS in mesos/standalone/kubernetes and LOCAL_DIRS in YARN).
21/07/29 11:03:55 WARN SparkConf: Note that spark.local.dir will be overridden by the value set by the cluster manager (via SPARK_LOCAL_DIRS in mesos/standalone/kubernetes and LOCAL_DIRS in YARN).
21/07/29 11:04:03 WARN SimpleFunctionRegistry: The function round replaced a previously registered function.
21/07/29 11:04:03 WARN SimpleFunctionRegistry: The function round replaced a previously registered function.
21/07/29 11:04:03 INFO ZinggBase: Start reading internal configurations and functions
21/07/29 11:04:03 INFO ZinggBase: Finished reading internal configurations and functions
21/07/29 11:04:03 WARN PipeUtil: Reading input csv
21/07/29 11:04:17 INFO Matcher: Read 120001
21/07/29 11:04:19 INFO Instrumentation: [4da92aa0] training finished
21/07/29 11:04:19 INFO Instrumentation: [4da92aa0] training finished
21/07/29 11:04:19 INFO Instrumentation: [4da92aa0] training finished
21/07/29 11:04:19 INFO Instrumentation: [f9517382] training finished
21/07/29 11:04:19 INFO Instrumentation: [f9517382] training finished
21/07/29 11:04:19 INFO Instrumentation: [f9517382] training finished
21/07/29 11:04:24 INFO Instrumentation: [838b0201] training finished
21/07/29 11:04:24 INFO Instrumentation: [838b0201] training finished
21/07/29 11:04:24 INFO Instrumentation: [838b0201] training finished
21/07/29 11:04:24 INFO Instrumentation: [0e6fe977] training finished
21/07/29 11:04:24 INFO Instrumentation: [0e6fe977] training finished
21/07/29 11:04:24 INFO Instrumentation: [0e6fe977] training finished
21/07/29 11:04:24 INFO Model: threshold while predicting is 0.5
21/07/29 11:04:24 WARN package: Truncated the string representation of a plan since it was too large. This behavior can be adjusted by setting 'spark.sql.debug.maxToStringFields'.
21/07/29 11:04:24 WARN package: Truncated the string representation of a plan since it was too large. This behavior can be adjusted by setting 'spark.sql.debug.maxToStringFields'.
21/07/29 11:04:25 INFO Instrumentation: [f6e93f0f] training finished
21/07/29 11:04:25 INFO Instrumentation: [f6e93f0f] training finished
21/07/29 11:04:25 INFO Instrumentation: [f6e93f0f] training finished
21/07/29 11:04:43 WARN BLAS: Failed to load implementation from: com.github.fommil.netlib.NativeSystemBLAS
21/07/29 11:04:43 WARN BLAS: Failed to load implementation from: com.github.fommil.netlib.NativeRefBLAS
21/07/29 11:09:02 WARN PipeUtil: Writing output Pipe [name=output, format=CSV, preprocessors=null, props={location=/tmp/zinggOutput, delimiter=,, header=true}, schema=null]
21/07/29 11:09:02 WARN PipeUtil: Writing file
21/07/29 11:09:04 WARN Client: Zingg processing has completed
