21/07/28 00:20:40 WARN NativeCodeLoader: Unable to load native-hadoop library for your platform... using builtin-java classes where applicable
21/07/28 00:20:40 INFO Client: 
21/07/28 00:20:40 INFO Client: ********************************************************
21/07/28 00:20:40 INFO Client: *                    Zingg AI                           *
21/07/28 00:20:40 INFO Client: *               (C) 2021 Zingg.AI                       *
21/07/28 00:20:40 INFO Client: ********************************************************
21/07/28 00:20:40 INFO Client: 
21/07/28 00:20:40 INFO Client: using: Zingg v0.3
21/07/28 00:20:40 INFO Client: 
21/07/28 00:20:40 WARN Arguments: Config Argument is examples/febrl120k/config.json
21/07/28 00:20:40 WARN Arguments: phase is match
21/07/28 00:20:40 WARN SparkConf: Note that spark.local.dir will be overridden by the value set by the cluster manager (via SPARK_LOCAL_DIRS in mesos/standalone/kubernetes and LOCAL_DIRS in YARN).
21/07/28 00:20:40 WARN SparkConf: Note that spark.local.dir will be overridden by the value set by the cluster manager (via SPARK_LOCAL_DIRS in mesos/standalone/kubernetes and LOCAL_DIRS in YARN).
21/07/28 00:20:43 WARN SimpleFunctionRegistry: The function round replaced a previously registered function.
21/07/28 00:20:43 WARN SimpleFunctionRegistry: The function round replaced a previously registered function.
21/07/28 00:20:43 INFO ZinggBase: Start reading internal configurations and functions
21/07/28 00:20:43 INFO ZinggBase: Finished reading internal configurations and functions
21/07/28 00:20:43 WARN PipeUtil: Reading input csv
21/07/28 00:20:52 INFO Matcher: Read 120001
21/07/28 00:20:52 INFO DSUtil: All equals done
21/07/28 00:20:53 INFO Instrumentation: [65cb9744] training finished
21/07/28 00:20:53 INFO Instrumentation: [65cb9744] training finished
21/07/28 00:20:53 INFO Instrumentation: [65cb9744] training finished
21/07/28 00:20:53 INFO Instrumentation: [027a2c7d] training finished
21/07/28 00:20:53 INFO Instrumentation: [027a2c7d] training finished
21/07/28 00:20:53 INFO Instrumentation: [027a2c7d] training finished
21/07/28 00:20:55 INFO Instrumentation: [8a581500] training finished
21/07/28 00:20:55 INFO Instrumentation: [8a581500] training finished
21/07/28 00:20:55 INFO Instrumentation: [8a581500] training finished
21/07/28 00:20:55 INFO Instrumentation: [373591fd] training finished
21/07/28 00:20:55 INFO Instrumentation: [373591fd] training finished
21/07/28 00:20:55 INFO Instrumentation: [373591fd] training finished
21/07/28 00:20:55 INFO Model: threshold while predicting is 0.5
21/07/28 00:20:55 WARN package: Truncated the string representation of a plan since it was too large. This behavior can be adjusted by setting 'spark.sql.debug.maxToStringFields'.
21/07/28 00:20:55 WARN package: Truncated the string representation of a plan since it was too large. This behavior can be adjusted by setting 'spark.sql.debug.maxToStringFields'.
21/07/28 00:20:56 INFO Instrumentation: [b3eb434a] training finished
21/07/28 00:20:56 INFO Instrumentation: [b3eb434a] training finished
21/07/28 00:20:56 INFO Instrumentation: [b3eb434a] training finished
21/07/28 00:20:56 WARN CacheManager: Asked to cache already cached data.
21/07/28 00:20:56 WARN CacheManager: Asked to cache already cached data.
21/07/28 00:21:44 WARN BLAS: Failed to load implementation from: com.github.fommil.netlib.NativeSystemBLAS
21/07/28 00:21:44 WARN BLAS: Failed to load implementation from: com.github.fommil.netlib.NativeRefBLAS
21/07/28 00:28:31 WARN PipeUtil: Writing output Pipe [name=output, format=CSV, preprocessors=null, props={location=/tmp/zinggOutput, delimiter=,, header=true}, schema=null]
21/07/28 00:28:31 WARN PipeUtil: Writing file
21/07/28 00:28:40 WARN Client: Zingg processing has completed
