21/07/28 00:42:47 WARN NativeCodeLoader: Unable to load native-hadoop library for your platform... using builtin-java classes where applicable
21/07/28 00:42:47 INFO Client: 
21/07/28 00:42:47 INFO Client: ********************************************************
21/07/28 00:42:47 INFO Client: *                    Zingg AI                           *
21/07/28 00:42:47 INFO Client: *               (C) 2021 Zingg.AI                       *
21/07/28 00:42:47 INFO Client: ********************************************************
21/07/28 00:42:47 INFO Client: 
21/07/28 00:42:47 INFO Client: using: Zingg v0.3
21/07/28 00:42:47 INFO Client: 
21/07/28 00:42:47 WARN Arguments: Config Argument is examples/febrl120k/config.json
21/07/28 00:42:47 WARN Arguments: phase is match
21/07/28 00:42:47 WARN SparkConf: Note that spark.local.dir will be overridden by the value set by the cluster manager (via SPARK_LOCAL_DIRS in mesos/standalone/kubernetes and LOCAL_DIRS in YARN).
21/07/28 00:42:47 WARN SparkConf: Note that spark.local.dir will be overridden by the value set by the cluster manager (via SPARK_LOCAL_DIRS in mesos/standalone/kubernetes and LOCAL_DIRS in YARN).
21/07/28 00:42:49 WARN SimpleFunctionRegistry: The function round replaced a previously registered function.
21/07/28 00:42:49 WARN SimpleFunctionRegistry: The function round replaced a previously registered function.
21/07/28 00:42:49 INFO ZinggBase: Start reading internal configurations and functions
21/07/28 00:42:49 INFO ZinggBase: Finished reading internal configurations and functions
21/07/28 00:42:49 WARN PipeUtil: Reading input csv
21/07/28 00:43:04 INFO Matcher: Read 500000
21/07/28 00:43:05 INFO DSUtil: All equals done
21/07/28 00:43:06 INFO Instrumentation: [c84ec52f] training finished
21/07/28 00:43:06 INFO Instrumentation: [c84ec52f] training finished
21/07/28 00:43:06 INFO Instrumentation: [c84ec52f] training finished
21/07/28 00:43:06 INFO Instrumentation: [8a6d146e] training finished
21/07/28 00:43:06 INFO Instrumentation: [8a6d146e] training finished
21/07/28 00:43:06 INFO Instrumentation: [8a6d146e] training finished
21/07/28 00:43:07 INFO Instrumentation: [90142640] training finished
21/07/28 00:43:07 INFO Instrumentation: [90142640] training finished
21/07/28 00:43:07 INFO Instrumentation: [90142640] training finished
21/07/28 00:43:07 INFO Instrumentation: [97348b65] training finished
21/07/28 00:43:07 INFO Instrumentation: [97348b65] training finished
21/07/28 00:43:07 INFO Instrumentation: [97348b65] training finished
21/07/28 00:43:07 INFO Model: threshold while predicting is 0.5
21/07/28 00:43:08 WARN package: Truncated the string representation of a plan since it was too large. This behavior can be adjusted by setting 'spark.sql.debug.maxToStringFields'.
21/07/28 00:43:08 WARN package: Truncated the string representation of a plan since it was too large. This behavior can be adjusted by setting 'spark.sql.debug.maxToStringFields'.
21/07/28 00:43:08 INFO Instrumentation: [08ef2afc] training finished
21/07/28 00:43:08 INFO Instrumentation: [08ef2afc] training finished
21/07/28 00:43:08 INFO Instrumentation: [08ef2afc] training finished
21/07/28 00:43:09 WARN CacheManager: Asked to cache already cached data.
21/07/28 00:43:09 WARN CacheManager: Asked to cache already cached data.
21/07/28 00:45:37 WARN RowBasedKeyValueBatch: Calling spill() on RowBasedKeyValueBatch. Will not spill but return 0.
21/07/28 00:45:37 WARN RowBasedKeyValueBatch: Calling spill() on RowBasedKeyValueBatch. Will not spill but return 0.
21/07/28 00:45:42 WARN RowBasedKeyValueBatch: Calling spill() on RowBasedKeyValueBatch. Will not spill but return 0.
21/07/28 00:45:42 WARN RowBasedKeyValueBatch: Calling spill() on RowBasedKeyValueBatch. Will not spill but return 0.
21/07/28 00:45:57 WARN RowBasedKeyValueBatch: Calling spill() on RowBasedKeyValueBatch. Will not spill but return 0.
21/07/28 00:45:57 WARN RowBasedKeyValueBatch: Calling spill() on RowBasedKeyValueBatch. Will not spill but return 0.
21/07/28 00:46:06 WARN RowBasedKeyValueBatch: Calling spill() on RowBasedKeyValueBatch. Will not spill but return 0.
21/07/28 00:46:06 WARN RowBasedKeyValueBatch: Calling spill() on RowBasedKeyValueBatch. Will not spill but return 0.
21/07/28 00:46:11 WARN RowBasedKeyValueBatch: Calling spill() on RowBasedKeyValueBatch. Will not spill but return 0.
21/07/28 00:46:11 WARN RowBasedKeyValueBatch: Calling spill() on RowBasedKeyValueBatch. Will not spill but return 0.
21/07/28 00:46:15 WARN RowBasedKeyValueBatch: Calling spill() on RowBasedKeyValueBatch. Will not spill but return 0.
21/07/28 00:46:15 WARN RowBasedKeyValueBatch: Calling spill() on RowBasedKeyValueBatch. Will not spill but return 0.
21/07/28 00:46:29 WARN RowBasedKeyValueBatch: Calling spill() on RowBasedKeyValueBatch. Will not spill but return 0.
21/07/28 00:46:29 WARN RowBasedKeyValueBatch: Calling spill() on RowBasedKeyValueBatch. Will not spill but return 0.
21/07/28 00:46:38 WARN RowBasedKeyValueBatch: Calling spill() on RowBasedKeyValueBatch. Will not spill but return 0.
21/07/28 00:46:38 WARN RowBasedKeyValueBatch: Calling spill() on RowBasedKeyValueBatch. Will not spill but return 0.
21/07/28 00:46:43 WARN RowBasedKeyValueBatch: Calling spill() on RowBasedKeyValueBatch. Will not spill but return 0.
21/07/28 00:46:43 WARN RowBasedKeyValueBatch: Calling spill() on RowBasedKeyValueBatch. Will not spill but return 0.
21/07/28 00:46:47 WARN RowBasedKeyValueBatch: Calling spill() on RowBasedKeyValueBatch. Will not spill but return 0.
21/07/28 00:46:47 WARN RowBasedKeyValueBatch: Calling spill() on RowBasedKeyValueBatch. Will not spill but return 0.
21/07/28 00:57:14 WARN RowBasedKeyValueBatch: Calling spill() on RowBasedKeyValueBatch. Will not spill but return 0.
21/07/28 00:57:14 WARN RowBasedKeyValueBatch: Calling spill() on RowBasedKeyValueBatch. Will not spill but return 0.
21/07/28 00:57:56 WARN RowBasedKeyValueBatch: Calling spill() on RowBasedKeyValueBatch. Will not spill but return 0.
21/07/28 00:57:56 WARN RowBasedKeyValueBatch: Calling spill() on RowBasedKeyValueBatch. Will not spill but return 0.
21/07/28 00:58:44 WARN RowBasedKeyValueBatch: Calling spill() on RowBasedKeyValueBatch. Will not spill but return 0.
21/07/28 00:58:44 WARN RowBasedKeyValueBatch: Calling spill() on RowBasedKeyValueBatch. Will not spill but return 0.
21/07/28 00:58:45 WARN RowBasedKeyValueBatch: Calling spill() on RowBasedKeyValueBatch. Will not spill but return 0.
21/07/28 00:58:45 WARN RowBasedKeyValueBatch: Calling spill() on RowBasedKeyValueBatch. Will not spill but return 0.
21/07/28 00:59:43 WARN RowBasedKeyValueBatch: Calling spill() on RowBasedKeyValueBatch. Will not spill but return 0.
21/07/28 00:59:43 WARN RowBasedKeyValueBatch: Calling spill() on RowBasedKeyValueBatch. Will not spill but return 0.
21/07/28 00:59:44 WARN RowBasedKeyValueBatch: Calling spill() on RowBasedKeyValueBatch. Will not spill but return 0.
21/07/28 00:59:44 WARN RowBasedKeyValueBatch: Calling spill() on RowBasedKeyValueBatch. Will not spill but return 0.
21/07/28 01:00:28 WARN RowBasedKeyValueBatch: Calling spill() on RowBasedKeyValueBatch. Will not spill but return 0.
21/07/28 01:00:28 WARN RowBasedKeyValueBatch: Calling spill() on RowBasedKeyValueBatch. Will not spill but return 0.
21/07/28 01:00:29 WARN RowBasedKeyValueBatch: Calling spill() on RowBasedKeyValueBatch. Will not spill but return 0.
21/07/28 01:00:29 WARN RowBasedKeyValueBatch: Calling spill() on RowBasedKeyValueBatch. Will not spill but return 0.
21/07/28 01:14:52 WARN BLAS: Failed to load implementation from: com.github.fommil.netlib.NativeSystemBLAS
21/07/28 01:14:52 WARN BLAS: Failed to load implementation from: com.github.fommil.netlib.NativeRefBLAS
21/07/28 01:32:49 WARN HeartbeatReceiver: Removing executor driver with no recent heartbeats: 152617 ms exceeds timeout 120000 ms
21/07/28 01:32:49 WARN HeartbeatReceiver: Removing executor driver with no recent heartbeats: 152617 ms exceeds timeout 120000 ms
21/07/28 01:32:52 WARN SparkContext: Killing executors is not supported by current scheduler.
21/07/28 01:32:52 WARN SparkContext: Killing executors is not supported by current scheduler.
