21/07/28 17:28:03 WARN NativeCodeLoader: Unable to load native-hadoop library for your platform... using builtin-java classes where applicable
21/07/28 17:28:03 INFO Client: 
21/07/28 17:28:03 INFO Client: ********************************************************
21/07/28 17:28:03 INFO Client: *                    Zingg AI                           *
21/07/28 17:28:03 INFO Client: *               (C) 2021 Zingg.AI                       *
21/07/28 17:28:03 INFO Client: ********************************************************
21/07/28 17:28:03 INFO Client: 
21/07/28 17:28:03 INFO Client: using: Zingg v0.3
21/07/28 17:28:03 INFO Client: 
21/07/28 17:28:03 WARN Arguments: Config Argument is examples/febrl120k/config.json
21/07/28 17:28:04 WARN Arguments: phase is match
21/07/28 17:28:04 WARN SparkConf: Note that spark.local.dir will be overridden by the value set by the cluster manager (via SPARK_LOCAL_DIRS in mesos/standalone/kubernetes and LOCAL_DIRS in YARN).
21/07/28 17:28:04 WARN SparkConf: Note that spark.local.dir will be overridden by the value set by the cluster manager (via SPARK_LOCAL_DIRS in mesos/standalone/kubernetes and LOCAL_DIRS in YARN).
21/07/28 17:28:06 WARN SimpleFunctionRegistry: The function round replaced a previously registered function.
21/07/28 17:28:06 WARN SimpleFunctionRegistry: The function round replaced a previously registered function.
21/07/28 17:28:06 INFO ZinggBase: Start reading internal configurations and functions
21/07/28 17:28:06 INFO ZinggBase: Finished reading internal configurations and functions
21/07/28 17:28:06 WARN PipeUtil: Reading input csv
21/07/28 17:28:26 INFO Matcher: Read 500000
21/07/28 17:28:57 WARN package: Truncated the string representation of a plan since it was too large. This behavior can be adjusted by setting 'spark.sql.debug.maxToStringFields'.
21/07/28 17:28:57 WARN package: Truncated the string representation of a plan since it was too large. This behavior can be adjusted by setting 'spark.sql.debug.maxToStringFields'.
21/07/28 17:46:40 INFO Instrumentation: [8ca6e727] training finished
21/07/28 17:46:40 INFO Instrumentation: [8ca6e727] training finished
21/07/28 17:46:40 INFO Instrumentation: [8ca6e727] training finished
21/07/28 17:46:40 INFO Instrumentation: [bc88790d] training finished
21/07/28 17:46:40 INFO Instrumentation: [bc88790d] training finished
21/07/28 17:46:40 INFO Instrumentation: [bc88790d] training finished
21/07/28 17:46:42 INFO Instrumentation: [b8bebaca] training finished
21/07/28 17:46:42 INFO Instrumentation: [b8bebaca] training finished
21/07/28 17:46:42 INFO Instrumentation: [b8bebaca] training finished
21/07/28 17:46:42 INFO Instrumentation: [d9646f8f] training finished
21/07/28 17:46:42 INFO Instrumentation: [d9646f8f] training finished
21/07/28 17:46:42 INFO Instrumentation: [d9646f8f] training finished
21/07/28 17:46:42 INFO Model: threshold while predicting is 0.5
21/07/28 17:46:43 INFO Instrumentation: [12d5e9b4] training finished
21/07/28 17:46:43 INFO Instrumentation: [12d5e9b4] training finished
21/07/28 17:46:43 INFO Instrumentation: [12d5e9b4] training finished
21/07/28 17:46:52 WARN BLAS: Failed to load implementation from: com.github.fommil.netlib.NativeSystemBLAS
21/07/28 17:46:52 WARN BLAS: Failed to load implementation from: com.github.fommil.netlib.NativeRefBLAS
21/07/28 18:33:27 WARN HeartbeatReceiver: Removing executor driver with no recent heartbeats: 319668 ms exceeds timeout 120000 ms
21/07/28 18:33:27 WARN HeartbeatReceiver: Removing executor driver with no recent heartbeats: 319668 ms exceeds timeout 120000 ms
21/07/28 18:33:31 WARN SparkContext: Killing executors is not supported by current scheduler.
21/07/28 18:33:31 WARN SparkContext: Killing executors is not supported by current scheduler.
21/07/28 19:19:40 WARN MemoryStore: Not enough space to cache rdd_109_889 in memory! (computed 25.0 MiB so far)
21/07/28 19:19:40 WARN MemoryStore: Not enough space to cache rdd_109_889 in memory! (computed 25.0 MiB so far)
21/07/28 19:19:40 WARN MemoryStore: Not enough space to cache rdd_109_893 in memory! (computed 8.6 MiB so far)
21/07/28 19:19:40 WARN MemoryStore: Not enough space to cache rdd_109_893 in memory! (computed 8.6 MiB so far)
21/07/28 19:19:41 WARN BlockManager: Persisting block rdd_109_893 to disk instead.
21/07/28 19:19:41 WARN BlockManager: Persisting block rdd_109_893 to disk instead.
21/07/28 19:19:41 WARN BlockManager: Persisting block rdd_109_889 to disk instead.
21/07/28 19:19:41 WARN BlockManager: Persisting block rdd_109_889 to disk instead.
21/07/28 19:19:42 WARN MemoryStore: Not enough space to cache rdd_109_893 in memory! (computed 8.6 MiB so far)
21/07/28 19:19:42 WARN MemoryStore: Not enough space to cache rdd_109_893 in memory! (computed 8.6 MiB so far)
21/07/28 19:19:44 WARN MemoryStore: Not enough space to cache rdd_109_891 in memory! (computed 25.2 MiB so far)
21/07/28 19:19:44 WARN MemoryStore: Not enough space to cache rdd_109_891 in memory! (computed 25.2 MiB so far)
21/07/28 19:19:44 WARN BlockManager: Persisting block rdd_109_891 to disk instead.
21/07/28 19:19:44 WARN BlockManager: Persisting block rdd_109_891 to disk instead.
21/07/28 19:19:49 WARN MemoryStore: Not enough space to cache rdd_109_891 in memory! (computed 25.2 MiB so far)
21/07/28 19:19:49 WARN MemoryStore: Not enough space to cache rdd_109_891 in memory! (computed 25.2 MiB so far)
21/07/28 19:19:55 WARN MemoryStore: Not enough space to cache rdd_109_889 in memory! (computed 25.0 MiB so far)
21/07/28 19:19:55 WARN MemoryStore: Not enough space to cache rdd_109_889 in memory! (computed 25.0 MiB so far)
21/07/28 19:20:36 WARN MemoryStore: Not enough space to cache rdd_109_894 in memory! (computed 24.9 MiB so far)
21/07/28 19:20:36 WARN MemoryStore: Not enough space to cache rdd_109_894 in memory! (computed 24.9 MiB so far)
21/07/28 19:20:44 WARN BlockManager: Persisting block rdd_109_894 to disk instead.
21/07/28 19:20:44 WARN BlockManager: Persisting block rdd_109_894 to disk instead.
21/07/28 19:21:06 WARN MemoryStore: Not enough space to cache rdd_109_894 in memory! (computed 24.9 MiB so far)
21/07/28 19:21:06 WARN MemoryStore: Not enough space to cache rdd_109_894 in memory! (computed 24.9 MiB so far)
21/07/28 19:21:12 WARN MemoryStore: Not enough space to cache rdd_109_900 in memory! (computed 1495.1 KiB so far)
21/07/28 19:21:12 WARN MemoryStore: Not enough space to cache rdd_109_900 in memory! (computed 1495.1 KiB so far)
21/07/28 19:21:12 WARN BlockManager: Persisting block rdd_109_900 to disk instead.
21/07/28 19:21:12 WARN BlockManager: Persisting block rdd_109_900 to disk instead.
21/07/28 19:21:14 WARN MemoryStore: Not enough space to cache rdd_109_900 in memory! (computed 1495.1 KiB so far)
21/07/28 19:21:14 WARN MemoryStore: Not enough space to cache rdd_109_900 in memory! (computed 1495.1 KiB so far)
21/07/28 19:21:22 WARN MemoryStore: Failed to reserve initial memory threshold of 1024.0 KiB for computing block rdd_109_901 in memory.
21/07/28 19:21:22 WARN MemoryStore: Failed to reserve initial memory threshold of 1024.0 KiB for computing block rdd_109_901 in memory.
21/07/28 19:21:22 WARN MemoryStore: Not enough space to cache rdd_109_901 in memory! (computed 384.0 B so far)
21/07/28 19:21:22 WARN MemoryStore: Not enough space to cache rdd_109_901 in memory! (computed 384.0 B so far)
21/07/28 19:21:22 WARN BlockManager: Persisting block rdd_109_901 to disk instead.
21/07/28 19:21:22 WARN BlockManager: Persisting block rdd_109_901 to disk instead.
21/07/28 19:21:30 WARN MemoryStore: Not enough space to cache rdd_109_901 in memory! (computed 4.2 MiB so far)
21/07/28 19:21:30 WARN MemoryStore: Not enough space to cache rdd_109_901 in memory! (computed 4.2 MiB so far)
21/07/28 19:21:31 WARN MemoryStore: Not enough space to cache rdd_109_898 in memory! (computed 9.8 MiB so far)
21/07/28 19:21:31 WARN MemoryStore: Not enough space to cache rdd_109_898 in memory! (computed 9.8 MiB so far)
21/07/28 19:21:31 WARN BlockManager: Persisting block rdd_109_898 to disk instead.
21/07/28 19:21:31 WARN BlockManager: Persisting block rdd_109_898 to disk instead.
21/07/28 19:21:31 WARN MemoryStore: Not enough space to cache rdd_109_898 in memory! (computed 9.8 MiB so far)
21/07/28 19:21:31 WARN MemoryStore: Not enough space to cache rdd_109_898 in memory! (computed 9.8 MiB so far)
21/07/28 19:21:39 WARN MemoryStore: Not enough space to cache rdd_109_904 in memory! (computed 1501.5 KiB so far)
21/07/28 19:21:39 WARN MemoryStore: Not enough space to cache rdd_109_904 in memory! (computed 1501.5 KiB so far)
21/07/28 19:21:39 WARN BlockManager: Persisting block rdd_109_904 to disk instead.
21/07/28 19:21:39 WARN BlockManager: Persisting block rdd_109_904 to disk instead.
21/07/28 19:21:43 WARN MemoryStore: Not enough space to cache rdd_109_906 in memory! (computed 1505.9 KiB so far)
21/07/28 19:21:43 WARN MemoryStore: Not enough space to cache rdd_109_906 in memory! (computed 1505.9 KiB so far)
21/07/28 19:21:43 WARN BlockManager: Persisting block rdd_109_906 to disk instead.
21/07/28 19:21:43 WARN BlockManager: Persisting block rdd_109_906 to disk instead.
21/07/28 19:21:44 WARN MemoryStore: Not enough space to cache rdd_109_907 in memory! (computed 1505.5 KiB so far)
21/07/28 19:21:44 WARN MemoryStore: Not enough space to cache rdd_109_907 in memory! (computed 1505.5 KiB so far)
21/07/28 19:21:44 WARN BlockManager: Persisting block rdd_109_907 to disk instead.
21/07/28 19:21:44 WARN BlockManager: Persisting block rdd_109_907 to disk instead.
21/07/28 19:21:49 WARN MemoryStore: Not enough space to cache rdd_109_907 in memory! (computed 1505.5 KiB so far)
21/07/28 19:21:49 WARN MemoryStore: Not enough space to cache rdd_109_907 in memory! (computed 1505.5 KiB so far)
21/07/28 19:21:52 WARN MemoryStore: Not enough space to cache rdd_109_908 in memory! (computed 5.0 MiB so far)
21/07/28 19:21:52 WARN MemoryStore: Not enough space to cache rdd_109_908 in memory! (computed 5.0 MiB so far)
21/07/28 19:21:52 WARN BlockManager: Persisting block rdd_109_908 to disk instead.
21/07/28 19:21:52 WARN BlockManager: Persisting block rdd_109_908 to disk instead.
21/07/28 19:21:52 WARN MemoryStore: Not enough space to cache rdd_109_908 in memory! (computed 5.0 MiB so far)
21/07/28 19:21:52 WARN MemoryStore: Not enough space to cache rdd_109_908 in memory! (computed 5.0 MiB so far)
21/07/28 19:21:55 WARN MemoryStore: Not enough space to cache rdd_109_910 in memory! (computed 1486.3 KiB so far)
21/07/28 19:21:55 WARN MemoryStore: Not enough space to cache rdd_109_910 in memory! (computed 1486.3 KiB so far)
21/07/28 19:21:55 WARN BlockManager: Persisting block rdd_109_910 to disk instead.
21/07/28 19:21:55 WARN BlockManager: Persisting block rdd_109_910 to disk instead.
21/07/28 19:22:02 WARN MemoryStore: Not enough space to cache rdd_109_910 in memory! (computed 1486.3 KiB so far)
21/07/28 19:22:02 WARN MemoryStore: Not enough space to cache rdd_109_910 in memory! (computed 1486.3 KiB so far)
21/07/28 19:22:10 WARN MemoryStore: Not enough space to cache rdd_109_903 in memory! (computed 19.8 MiB so far)
21/07/28 19:22:10 WARN MemoryStore: Not enough space to cache rdd_109_903 in memory! (computed 19.8 MiB so far)
21/07/28 19:22:10 WARN BlockManager: Persisting block rdd_109_903 to disk instead.
21/07/28 19:22:10 WARN BlockManager: Persisting block rdd_109_903 to disk instead.
21/07/28 19:22:10 WARN MemoryStore: Not enough space to cache rdd_109_903 in memory! (computed 19.8 MiB so far)
21/07/28 19:22:10 WARN MemoryStore: Not enough space to cache rdd_109_903 in memory! (computed 19.8 MiB so far)
21/07/28 19:22:29 WARN MemoryStore: Not enough space to cache rdd_109_906 in memory! (computed 22.4 MiB so far)
21/07/28 19:22:29 WARN MemoryStore: Not enough space to cache rdd_109_906 in memory! (computed 22.4 MiB so far)
21/07/28 19:22:33 WARN MemoryStore: Not enough space to cache rdd_109_913 in memory! (computed 9.8 MiB so far)
21/07/28 19:22:33 WARN MemoryStore: Not enough space to cache rdd_109_913 in memory! (computed 9.8 MiB so far)
21/07/28 19:22:34 WARN BlockManager: Persisting block rdd_109_913 to disk instead.
21/07/28 19:22:34 WARN BlockManager: Persisting block rdd_109_913 to disk instead.
21/07/28 19:22:34 WARN MemoryStore: Not enough space to cache rdd_109_913 in memory! (computed 9.8 MiB so far)
21/07/28 19:22:34 WARN MemoryStore: Not enough space to cache rdd_109_913 in memory! (computed 9.8 MiB so far)
21/07/28 19:22:53 WARN MemoryStore: Not enough space to cache rdd_109_919 in memory! (computed 1525.7 KiB so far)
21/07/28 19:22:53 WARN MemoryStore: Not enough space to cache rdd_109_919 in memory! (computed 1525.7 KiB so far)
21/07/28 19:22:53 WARN BlockManager: Persisting block rdd_109_919 to disk instead.
21/07/28 19:22:53 WARN BlockManager: Persisting block rdd_109_919 to disk instead.
21/07/28 19:22:54 WARN MemoryStore: Not enough space to cache rdd_109_919 in memory! (computed 1525.7 KiB so far)
21/07/28 19:22:54 WARN MemoryStore: Not enough space to cache rdd_109_919 in memory! (computed 1525.7 KiB so far)
21/07/28 19:23:05 WARN MemoryStore: Failed to reserve initial memory threshold of 1024.0 KiB for computing block rdd_109_925 in memory.
21/07/28 19:23:05 WARN MemoryStore: Failed to reserve initial memory threshold of 1024.0 KiB for computing block rdd_109_925 in memory.
21/07/28 19:23:05 WARN MemoryStore: Not enough space to cache rdd_109_925 in memory! (computed 384.0 B so far)
21/07/28 19:23:05 WARN MemoryStore: Not enough space to cache rdd_109_925 in memory! (computed 384.0 B so far)
21/07/28 19:23:05 WARN BlockManager: Persisting block rdd_109_925 to disk instead.
21/07/28 19:23:05 WARN BlockManager: Persisting block rdd_109_925 to disk instead.
21/07/28 19:23:08 WARN MemoryStore: Not enough space to cache rdd_109_921 in memory! (computed 7.0 MiB so far)
21/07/28 19:23:08 WARN MemoryStore: Not enough space to cache rdd_109_921 in memory! (computed 7.0 MiB so far)
21/07/28 19:23:08 WARN BlockManager: Persisting block rdd_109_921 to disk instead.
21/07/28 19:23:08 WARN BlockManager: Persisting block rdd_109_921 to disk instead.
21/07/28 19:23:08 WARN MemoryStore: Not enough space to cache rdd_109_921 in memory! (computed 7.0 MiB so far)
21/07/28 19:23:08 WARN MemoryStore: Not enough space to cache rdd_109_921 in memory! (computed 7.0 MiB so far)
21/07/28 19:23:09 WARN MemoryStore: Not enough space to cache rdd_109_920 in memory! (computed 9.1 MiB so far)
21/07/28 19:23:09 WARN MemoryStore: Not enough space to cache rdd_109_920 in memory! (computed 9.1 MiB so far)
21/07/28 19:23:09 WARN BlockManager: Persisting block rdd_109_920 to disk instead.
21/07/28 19:23:09 WARN BlockManager: Persisting block rdd_109_920 to disk instead.
21/07/28 19:23:09 WARN MemoryStore: Not enough space to cache rdd_109_920 in memory! (computed 9.1 MiB so far)
21/07/28 19:23:09 WARN MemoryStore: Not enough space to cache rdd_109_920 in memory! (computed 9.1 MiB so far)
21/07/28 19:23:19 WARN MemoryStore: Not enough space to cache rdd_109_925 in memory! (computed 6.8 MiB so far)
21/07/28 19:23:19 WARN MemoryStore: Not enough space to cache rdd_109_925 in memory! (computed 6.8 MiB so far)
21/07/28 19:23:50 WARN MemoryStore: Not enough space to cache rdd_109_928 in memory! (computed 13.7 MiB so far)
21/07/28 19:23:50 WARN MemoryStore: Not enough space to cache rdd_109_928 in memory! (computed 13.7 MiB so far)
21/07/28 19:23:50 WARN BlockManager: Persisting block rdd_109_928 to disk instead.
21/07/28 19:23:50 WARN BlockManager: Persisting block rdd_109_928 to disk instead.
21/07/28 19:24:07 WARN MemoryStore: Not enough space to cache rdd_109_928 in memory! (computed 13.7 MiB so far)
21/07/28 19:24:07 WARN MemoryStore: Not enough space to cache rdd_109_928 in memory! (computed 13.7 MiB so far)
21/07/28 19:24:30 WARN MemoryStore: Not enough space to cache rdd_109_933 in memory! (computed 1513.1 KiB so far)
21/07/28 19:24:30 WARN MemoryStore: Not enough space to cache rdd_109_933 in memory! (computed 1513.1 KiB so far)
21/07/28 19:24:30 WARN BlockManager: Persisting block rdd_109_933 to disk instead.
21/07/28 19:24:30 WARN BlockManager: Persisting block rdd_109_933 to disk instead.
21/07/28 19:24:44 WARN MemoryStore: Not enough space to cache rdd_109_932 in memory! (computed 11.4 MiB so far)
21/07/28 19:24:44 WARN MemoryStore: Not enough space to cache rdd_109_932 in memory! (computed 11.4 MiB so far)
21/07/28 19:24:44 WARN BlockManager: Persisting block rdd_109_932 to disk instead.
21/07/28 19:24:44 WARN BlockManager: Persisting block rdd_109_932 to disk instead.
21/07/28 19:24:44 WARN MemoryStore: Not enough space to cache rdd_109_932 in memory! (computed 11.4 MiB so far)
21/07/28 19:24:44 WARN MemoryStore: Not enough space to cache rdd_109_932 in memory! (computed 11.4 MiB so far)
21/07/28 19:24:51 WARN MemoryStore: Not enough space to cache rdd_109_934 in memory! (computed 9.6 MiB so far)
21/07/28 19:24:51 WARN MemoryStore: Not enough space to cache rdd_109_934 in memory! (computed 9.6 MiB so far)
21/07/28 19:24:51 WARN BlockManager: Persisting block rdd_109_934 to disk instead.
21/07/28 19:24:51 WARN BlockManager: Persisting block rdd_109_934 to disk instead.
21/07/28 19:24:51 WARN MemoryStore: Not enough space to cache rdd_109_934 in memory! (computed 9.6 MiB so far)
21/07/28 19:24:51 WARN MemoryStore: Not enough space to cache rdd_109_934 in memory! (computed 9.6 MiB so far)
21/07/28 19:25:27 WARN MemoryStore: Not enough space to cache rdd_109_933 in memory! (computed 25.0 MiB so far)
21/07/28 19:25:27 WARN MemoryStore: Not enough space to cache rdd_109_933 in memory! (computed 25.0 MiB so far)
21/07/28 19:25:29 WARN MemoryStore: Not enough space to cache rdd_109_935 in memory! (computed 25.1 MiB so far)
21/07/28 19:25:29 WARN MemoryStore: Not enough space to cache rdd_109_935 in memory! (computed 25.1 MiB so far)
21/07/28 19:25:29 WARN BlockManager: Persisting block rdd_109_935 to disk instead.
21/07/28 19:25:29 WARN BlockManager: Persisting block rdd_109_935 to disk instead.
21/07/28 19:25:30 WARN MemoryStore: Not enough space to cache rdd_109_935 in memory! (computed 25.1 MiB so far)
21/07/28 19:25:30 WARN MemoryStore: Not enough space to cache rdd_109_935 in memory! (computed 25.1 MiB so far)
21/07/28 19:25:33 WARN MemoryStore: Not enough space to cache rdd_109_939 in memory! (computed 4.4 MiB so far)
21/07/28 19:25:33 WARN MemoryStore: Not enough space to cache rdd_109_939 in memory! (computed 4.4 MiB so far)
21/07/28 19:25:33 WARN BlockManager: Persisting block rdd_109_939 to disk instead.
21/07/28 19:25:33 WARN BlockManager: Persisting block rdd_109_939 to disk instead.
21/07/28 19:25:33 WARN MemoryStore: Not enough space to cache rdd_109_939 in memory! (computed 4.4 MiB so far)
21/07/28 19:25:33 WARN MemoryStore: Not enough space to cache rdd_109_939 in memory! (computed 4.4 MiB so far)
21/07/28 19:26:11 WARN MemoryStore: Not enough space to cache rdd_109_943 in memory! (computed 12.9 MiB so far)
21/07/28 19:26:11 WARN MemoryStore: Not enough space to cache rdd_109_943 in memory! (computed 12.9 MiB so far)
21/07/28 19:26:12 WARN BlockManager: Persisting block rdd_109_943 to disk instead.
21/07/28 19:26:12 WARN BlockManager: Persisting block rdd_109_943 to disk instead.
21/07/28 19:26:12 WARN MemoryStore: Not enough space to cache rdd_109_943 in memory! (computed 12.9 MiB so far)
21/07/28 19:26:12 WARN MemoryStore: Not enough space to cache rdd_109_943 in memory! (computed 12.9 MiB so far)
21/07/28 19:26:40 WARN MemoryStore: Not enough space to cache rdd_109_949 in memory! (computed 24.8 MiB so far)
21/07/28 19:26:40 WARN MemoryStore: Not enough space to cache rdd_109_949 in memory! (computed 24.8 MiB so far)
21/07/28 19:26:40 WARN BlockManager: Persisting block rdd_109_949 to disk instead.
21/07/28 19:26:40 WARN BlockManager: Persisting block rdd_109_949 to disk instead.
21/07/28 19:26:46 WARN MemoryStore: Not enough space to cache rdd_109_949 in memory! (computed 24.8 MiB so far)
21/07/28 19:26:46 WARN MemoryStore: Not enough space to cache rdd_109_949 in memory! (computed 24.8 MiB so far)
21/07/28 19:26:48 WARN MemoryStore: Not enough space to cache rdd_109_950 in memory! (computed 25.0 MiB so far)
21/07/28 19:26:48 WARN MemoryStore: Not enough space to cache rdd_109_950 in memory! (computed 25.0 MiB so far)
21/07/28 19:26:48 WARN BlockManager: Persisting block rdd_109_950 to disk instead.
21/07/28 19:26:48 WARN BlockManager: Persisting block rdd_109_950 to disk instead.
21/07/28 19:26:51 WARN MemoryStore: Not enough space to cache rdd_109_950 in memory! (computed 25.0 MiB so far)
21/07/28 19:26:51 WARN MemoryStore: Not enough space to cache rdd_109_950 in memory! (computed 25.0 MiB so far)
21/07/28 19:27:24 WARN MemoryStore: Not enough space to cache rdd_109_962 in memory! (computed 22.4 MiB so far)
21/07/28 19:27:24 WARN MemoryStore: Not enough space to cache rdd_109_962 in memory! (computed 22.4 MiB so far)
21/07/28 19:27:24 WARN BlockManager: Persisting block rdd_109_962 to disk instead.
21/07/28 19:27:24 WARN BlockManager: Persisting block rdd_109_962 to disk instead.
21/07/28 19:27:24 WARN MemoryStore: Not enough space to cache rdd_109_962 in memory! (computed 22.4 MiB so far)
21/07/28 19:27:24 WARN MemoryStore: Not enough space to cache rdd_109_962 in memory! (computed 22.4 MiB so far)
21/07/28 19:27:27 WARN MemoryStore: Not enough space to cache rdd_109_967 in memory! (computed 11.9 MiB so far)
21/07/28 19:27:27 WARN MemoryStore: Not enough space to cache rdd_109_967 in memory! (computed 11.9 MiB so far)
21/07/28 19:27:27 WARN BlockManager: Persisting block rdd_109_967 to disk instead.
21/07/28 19:27:27 WARN BlockManager: Persisting block rdd_109_967 to disk instead.
21/07/28 19:27:27 WARN MemoryStore: Not enough space to cache rdd_109_967 in memory! (computed 11.9 MiB so far)
21/07/28 19:27:27 WARN MemoryStore: Not enough space to cache rdd_109_967 in memory! (computed 11.9 MiB so far)
21/07/28 19:27:36 WARN MemoryStore: Not enough space to cache rdd_109_965 in memory! (computed 19.5 MiB so far)
21/07/28 19:27:36 WARN MemoryStore: Not enough space to cache rdd_109_965 in memory! (computed 19.5 MiB so far)
21/07/28 19:27:36 WARN BlockManager: Persisting block rdd_109_965 to disk instead.
21/07/28 19:27:36 WARN BlockManager: Persisting block rdd_109_965 to disk instead.
21/07/28 19:27:37 WARN MemoryStore: Not enough space to cache rdd_109_965 in memory! (computed 19.5 MiB so far)
21/07/28 19:27:37 WARN MemoryStore: Not enough space to cache rdd_109_965 in memory! (computed 19.5 MiB so far)
21/07/28 19:28:04 WARN MemoryStore: Not enough space to cache rdd_109_969 in memory! (computed 23.5 MiB so far)
21/07/28 19:28:04 WARN MemoryStore: Not enough space to cache rdd_109_969 in memory! (computed 23.5 MiB so far)
21/07/28 19:28:04 WARN BlockManager: Persisting block rdd_109_969 to disk instead.
21/07/28 19:28:04 WARN BlockManager: Persisting block rdd_109_969 to disk instead.
21/07/28 19:28:05 WARN MemoryStore: Not enough space to cache rdd_109_969 in memory! (computed 23.5 MiB so far)
21/07/28 19:28:05 WARN MemoryStore: Not enough space to cache rdd_109_969 in memory! (computed 23.5 MiB so far)
21/07/28 19:37:56 WARN MemoryStore: Not enough space to cache rdd_109_972 in memory! (computed 25.0 MiB so far)
21/07/28 19:37:56 WARN MemoryStore: Not enough space to cache rdd_109_972 in memory! (computed 25.0 MiB so far)
21/07/28 19:37:56 WARN BlockManager: Persisting block rdd_109_972 to disk instead.
21/07/28 19:37:56 WARN BlockManager: Persisting block rdd_109_972 to disk instead.
21/07/28 19:38:01 WARN MemoryStore: Not enough space to cache rdd_109_975 in memory! (computed 18.7 MiB so far)
21/07/28 19:38:01 WARN MemoryStore: Not enough space to cache rdd_109_975 in memory! (computed 18.7 MiB so far)
21/07/28 19:38:01 WARN BlockManager: Persisting block rdd_109_975 to disk instead.
21/07/28 19:38:01 WARN BlockManager: Persisting block rdd_109_975 to disk instead.
21/07/28 19:38:05 WARN MemoryStore: Not enough space to cache rdd_109_975 in memory! (computed 18.7 MiB so far)
21/07/28 19:38:05 WARN MemoryStore: Not enough space to cache rdd_109_975 in memory! (computed 18.7 MiB so far)
21/07/28 19:38:06 WARN MemoryStore: Not enough space to cache rdd_109_972 in memory! (computed 25.0 MiB so far)
21/07/28 19:38:06 WARN MemoryStore: Not enough space to cache rdd_109_972 in memory! (computed 25.0 MiB so far)
21/07/28 19:38:40 WARN MemoryStore: Not enough space to cache rdd_109_978 in memory! (computed 6.6 MiB so far)
21/07/28 19:38:40 WARN MemoryStore: Not enough space to cache rdd_109_978 in memory! (computed 6.6 MiB so far)
21/07/28 19:38:40 WARN BlockManager: Persisting block rdd_109_978 to disk instead.
21/07/28 19:38:40 WARN BlockManager: Persisting block rdd_109_978 to disk instead.
21/07/28 19:38:40 WARN MemoryStore: Not enough space to cache rdd_109_978 in memory! (computed 6.6 MiB so far)
21/07/28 19:38:40 WARN MemoryStore: Not enough space to cache rdd_109_978 in memory! (computed 6.6 MiB so far)
21/07/28 19:38:47 WARN MemoryStore: Not enough space to cache rdd_109_980 in memory! (computed 5.6 MiB so far)
21/07/28 19:38:47 WARN MemoryStore: Not enough space to cache rdd_109_980 in memory! (computed 5.6 MiB so far)
21/07/28 19:38:47 WARN BlockManager: Persisting block rdd_109_980 to disk instead.
21/07/28 19:38:47 WARN BlockManager: Persisting block rdd_109_980 to disk instead.
21/07/28 19:38:47 WARN MemoryStore: Not enough space to cache rdd_109_980 in memory! (computed 5.6 MiB so far)
21/07/28 19:38:47 WARN MemoryStore: Not enough space to cache rdd_109_980 in memory! (computed 5.6 MiB so far)
21/07/28 19:38:53 WARN MemoryStore: Not enough space to cache rdd_109_977 in memory! (computed 23.4 MiB so far)
21/07/28 19:38:53 WARN MemoryStore: Not enough space to cache rdd_109_977 in memory! (computed 23.4 MiB so far)
21/07/28 19:38:53 WARN BlockManager: Persisting block rdd_109_977 to disk instead.
21/07/28 19:38:53 WARN BlockManager: Persisting block rdd_109_977 to disk instead.
21/07/28 19:38:53 WARN MemoryStore: Not enough space to cache rdd_109_977 in memory! (computed 23.4 MiB so far)
21/07/28 19:38:53 WARN MemoryStore: Not enough space to cache rdd_109_977 in memory! (computed 23.4 MiB so far)
21/07/28 19:39:04 WARN MemoryStore: Not enough space to cache rdd_109_984 in memory! (computed 7.2 MiB so far)
21/07/28 19:39:04 WARN MemoryStore: Not enough space to cache rdd_109_984 in memory! (computed 7.2 MiB so far)
21/07/28 19:39:04 WARN BlockManager: Persisting block rdd_109_984 to disk instead.
21/07/28 19:39:04 WARN BlockManager: Persisting block rdd_109_984 to disk instead.
21/07/28 19:39:04 WARN MemoryStore: Not enough space to cache rdd_109_984 in memory! (computed 7.2 MiB so far)
21/07/28 19:39:04 WARN MemoryStore: Not enough space to cache rdd_109_984 in memory! (computed 7.2 MiB so far)
21/07/28 19:39:25 WARN MemoryStore: Not enough space to cache rdd_109_991 in memory! (computed 8.2 MiB so far)
21/07/28 19:39:25 WARN MemoryStore: Not enough space to cache rdd_109_991 in memory! (computed 8.2 MiB so far)
21/07/28 19:39:25 WARN BlockManager: Persisting block rdd_109_991 to disk instead.
21/07/28 19:39:25 WARN BlockManager: Persisting block rdd_109_991 to disk instead.
21/07/28 19:39:25 WARN MemoryStore: Not enough space to cache rdd_109_991 in memory! (computed 8.2 MiB so far)
21/07/28 19:39:25 WARN MemoryStore: Not enough space to cache rdd_109_991 in memory! (computed 8.2 MiB so far)
21/07/28 19:39:35 WARN MemoryStore: Not enough space to cache rdd_109_993 in memory! (computed 5.9 MiB so far)
21/07/28 19:39:35 WARN MemoryStore: Not enough space to cache rdd_109_993 in memory! (computed 5.9 MiB so far)
21/07/28 19:39:35 WARN BlockManager: Persisting block rdd_109_993 to disk instead.
21/07/28 19:39:35 WARN BlockManager: Persisting block rdd_109_993 to disk instead.
21/07/28 19:39:35 WARN MemoryStore: Not enough space to cache rdd_109_993 in memory! (computed 5.9 MiB so far)
21/07/28 19:39:35 WARN MemoryStore: Not enough space to cache rdd_109_993 in memory! (computed 5.9 MiB so far)
21/07/28 19:39:35 WARN MemoryStore: Not enough space to cache rdd_109_986 in memory! (computed 25.0 MiB so far)
21/07/28 19:39:35 WARN MemoryStore: Not enough space to cache rdd_109_986 in memory! (computed 25.0 MiB so far)
21/07/28 19:39:35 WARN BlockManager: Persisting block rdd_109_986 to disk instead.
21/07/28 19:39:35 WARN BlockManager: Persisting block rdd_109_986 to disk instead.
21/07/28 19:39:44 WARN MemoryStore: Not enough space to cache rdd_109_986 in memory! (computed 25.0 MiB so far)
21/07/28 19:39:44 WARN MemoryStore: Not enough space to cache rdd_109_986 in memory! (computed 25.0 MiB so far)
21/07/28 19:39:52 WARN MemoryStore: Not enough space to cache rdd_109_995 in memory! (computed 17.0 MiB so far)
21/07/28 19:39:52 WARN MemoryStore: Not enough space to cache rdd_109_995 in memory! (computed 17.0 MiB so far)
21/07/28 19:39:52 WARN BlockManager: Persisting block rdd_109_995 to disk instead.
21/07/28 19:39:52 WARN BlockManager: Persisting block rdd_109_995 to disk instead.
21/07/28 19:39:52 WARN MemoryStore: Not enough space to cache rdd_109_995 in memory! (computed 17.0 MiB so far)
21/07/28 19:39:52 WARN MemoryStore: Not enough space to cache rdd_109_995 in memory! (computed 17.0 MiB so far)
21/07/28 20:17:39 WARN ShippableVertexPartitionOps: Joining two VertexPartitions with different indexes is slow.
21/07/28 20:17:39 WARN ShippableVertexPartitionOps: Joining two VertexPartitions with different indexes is slow.
21/07/28 20:17:39 WARN ShippableVertexPartitionOps: Joining two VertexPartitions with different indexes is slow.
21/07/28 20:17:39 WARN ShippableVertexPartitionOps: Joining two VertexPartitions with different indexes is slow.
21/07/28 20:17:43 WARN ShippableVertexPartitionOps: Joining two VertexPartitions with different indexes is slow.
21/07/28 20:17:43 WARN ShippableVertexPartitionOps: Joining two VertexPartitions with different indexes is slow.
21/07/28 20:17:59 WARN ShippableVertexPartitionOps: Joining two VertexPartitions with different indexes is slow.
21/07/28 20:17:59 WARN ShippableVertexPartitionOps: Joining two VertexPartitions with different indexes is slow.
21/07/28 20:18:02 WARN ShippableVertexPartitionOps: Joining two VertexPartitions with different indexes is slow.
21/07/28 20:18:02 WARN ShippableVertexPartitionOps: Joining two VertexPartitions with different indexes is slow.
21/07/28 20:18:06 WARN ShippableVertexPartitionOps: Joining two VertexPartitions with different indexes is slow.
21/07/28 20:18:06 WARN ShippableVertexPartitionOps: Joining two VertexPartitions with different indexes is slow.
21/07/28 20:18:11 WARN ShippableVertexPartitionOps: Joining two VertexPartitions with different indexes is slow.
21/07/28 20:18:11 WARN ShippableVertexPartitionOps: Joining two VertexPartitions with different indexes is slow.
21/07/28 20:18:17 WARN ShippableVertexPartitionOps: Joining two VertexPartitions with different indexes is slow.
21/07/28 20:18:17 WARN ShippableVertexPartitionOps: Joining two VertexPartitions with different indexes is slow.
21/07/28 20:18:18 WARN ShippableVertexPartitionOps: Joining two VertexPartitions with different indexes is slow.
21/07/28 20:18:18 WARN ShippableVertexPartitionOps: Joining two VertexPartitions with different indexes is slow.
21/07/28 20:18:20 WARN ShippableVertexPartitionOps: Joining two VertexPartitions with different indexes is slow.
21/07/28 20:18:20 WARN ShippableVertexPartitionOps: Joining two VertexPartitions with different indexes is slow.
21/07/28 20:22:01 WARN ShippableVertexPartitionOps: Joining two VertexPartitions with different indexes is slow.
21/07/28 20:22:01 WARN ShippableVertexPartitionOps: Joining two VertexPartitions with different indexes is slow.
21/07/28 20:22:01 WARN ShippableVertexPartitionOps: Joining two VertexPartitions with different indexes is slow.
21/07/28 20:22:01 WARN ShippableVertexPartitionOps: Joining two VertexPartitions with different indexes is slow.
21/07/28 20:22:03 WARN ShippableVertexPartitionOps: Joining two VertexPartitions with different indexes is slow.
21/07/28 20:22:03 WARN ShippableVertexPartitionOps: Joining two VertexPartitions with different indexes is slow.
21/07/28 20:22:09 WARN ShippableVertexPartitionOps: Joining two VertexPartitions with different indexes is slow.
21/07/28 20:22:09 WARN ShippableVertexPartitionOps: Joining two VertexPartitions with different indexes is slow.
21/07/28 20:22:17 WARN ShippableVertexPartitionOps: Joining two VertexPartitions with different indexes is slow.
21/07/28 20:22:17 WARN ShippableVertexPartitionOps: Joining two VertexPartitions with different indexes is slow.
21/07/28 20:22:36 WARN ShippableVertexPartitionOps: Joining two VertexPartitions with different indexes is slow.
21/07/28 20:22:36 WARN ShippableVertexPartitionOps: Joining two VertexPartitions with different indexes is slow.
21/07/28 20:22:43 WARN ShippableVertexPartitionOps: Joining two VertexPartitions with different indexes is slow.
21/07/28 20:22:43 WARN ShippableVertexPartitionOps: Joining two VertexPartitions with different indexes is slow.
21/07/28 20:22:45 WARN ShippableVertexPartitionOps: Joining two VertexPartitions with different indexes is slow.
21/07/28 20:22:45 WARN ShippableVertexPartitionOps: Joining two VertexPartitions with different indexes is slow.
21/07/28 20:22:51 WARN ShippableVertexPartitionOps: Joining two VertexPartitions with different indexes is slow.
21/07/28 20:22:51 WARN ShippableVertexPartitionOps: Joining two VertexPartitions with different indexes is slow.
21/07/28 20:23:06 WARN ShippableVertexPartitionOps: Joining two VertexPartitions with different indexes is slow.
21/07/28 20:23:06 WARN ShippableVertexPartitionOps: Joining two VertexPartitions with different indexes is slow.
21/07/28 20:23:06 WARN ShippableVertexPartitionOps: Joining two VertexPartitions with different indexes is slow.
21/07/28 20:23:06 WARN ShippableVertexPartitionOps: Joining two VertexPartitions with different indexes is slow.
21/07/28 20:27:06 WARN ShippableVertexPartitionOps: Joining two VertexPartitions with different indexes is slow.
21/07/28 20:27:06 WARN ShippableVertexPartitionOps: Joining two VertexPartitions with different indexes is slow.
21/07/28 20:27:10 WARN ShippableVertexPartitionOps: Joining two VertexPartitions with different indexes is slow.
21/07/28 20:27:10 WARN ShippableVertexPartitionOps: Joining two VertexPartitions with different indexes is slow.
21/07/28 20:37:19 ERROR AsyncEventQueue: Dropping event from queue appStatus. This likely means one of the listeners is too slow and cannot keep up with the rate at which tasks are being started by the scheduler.
21/07/28 20:37:19 ERROR AsyncEventQueue: Dropping event from queue appStatus. This likely means one of the listeners is too slow and cannot keep up with the rate at which tasks are being started by the scheduler.
21/07/28 20:37:21 WARN AsyncEventQueue: Dropped 1 events from appStatus since the application started.
21/07/28 20:37:21 WARN AsyncEventQueue: Dropped 1 events from appStatus since the application started.
21/07/28 20:46:23 WARN ShippableVertexPartitionOps: Joining two VertexPartitions with different indexes is slow.
21/07/28 20:46:23 WARN ShippableVertexPartitionOps: Joining two VertexPartitions with different indexes is slow.
21/07/28 20:46:26 WARN ShippableVertexPartitionOps: Joining two VertexPartitions with different indexes is slow.
21/07/28 20:46:26 WARN ShippableVertexPartitionOps: Joining two VertexPartitions with different indexes is slow.
21/07/28 20:51:28 WARN ShippableVertexPartitionOps: Joining two VertexPartitions with different indexes is slow.
21/07/28 20:51:28 WARN ShippableVertexPartitionOps: Joining two VertexPartitions with different indexes is slow.
21/07/28 20:52:18 WARN ShippableVertexPartitionOps: Joining two VertexPartitions with different indexes is slow.
21/07/28 20:52:18 WARN ShippableVertexPartitionOps: Joining two VertexPartitions with different indexes is slow.
21/07/28 20:57:13 WARN ShippableVertexPartitionOps: Joining two VertexPartitions with different indexes is slow.
21/07/28 20:57:13 WARN ShippableVertexPartitionOps: Joining two VertexPartitions with different indexes is slow.
21/07/28 20:57:17 WARN ShippableVertexPartitionOps: Joining two VertexPartitions with different indexes is slow.
21/07/28 20:57:17 WARN ShippableVertexPartitionOps: Joining two VertexPartitions with different indexes is slow.
21/07/28 21:09:08 WARN AsyncEventQueue: Dropped 1 events from appStatus since Wed Jul 28 20:37:21 IST 2021.
21/07/28 21:09:08 WARN AsyncEventQueue: Dropped 1 events from appStatus since Wed Jul 28 20:37:21 IST 2021.
21/07/28 21:09:56 WARN AsyncEventQueue: Dropped 24210 events from appStatus since Wed Jul 28 21:08:56 IST 2021.
21/07/28 21:09:56 WARN AsyncEventQueue: Dropped 24210 events from appStatus since Wed Jul 28 21:08:56 IST 2021.
21/07/28 21:10:56 WARN AsyncEventQueue: Dropped 8685 events from appStatus since Wed Jul 28 21:09:56 IST 2021.
21/07/28 21:10:56 WARN AsyncEventQueue: Dropped 8685 events from appStatus since Wed Jul 28 21:09:56 IST 2021.
21/07/28 21:19:37 WARN AsyncEventQueue: Dropped 3560 events from appStatus since Wed Jul 28 21:10:56 IST 2021.
21/07/28 21:19:37 WARN AsyncEventQueue: Dropped 3560 events from appStatus since Wed Jul 28 21:10:56 IST 2021.
21/07/28 21:23:06 WARN ShippableVertexPartitionOps: Joining two VertexPartitions with different indexes is slow.
21/07/28 21:23:06 WARN ShippableVertexPartitionOps: Joining two VertexPartitions with different indexes is slow.
21/07/28 21:23:19 WARN ShippableVertexPartitionOps: Joining two VertexPartitions with different indexes is slow.
21/07/28 21:23:19 WARN ShippableVertexPartitionOps: Joining two VertexPartitions with different indexes is slow.
21/07/28 21:23:19 WARN ShippableVertexPartitionOps: Joining two VertexPartitions with different indexes is slow.
21/07/28 21:23:19 WARN ShippableVertexPartitionOps: Joining two VertexPartitions with different indexes is slow.
21/07/28 21:24:02 ERROR Inbox: Ignoring error
java.util.concurrent.RejectedExecutionException: Task org.apache.spark.executor.Executor$TaskRunner@7b0144c0 rejected from java.util.concurrent.ThreadPoolExecutor@5ce85711[Terminated, pool size = 0, active threads = 0, queued tasks = 0, completed tasks = 35290]
	at java.base/java.util.concurrent.ThreadPoolExecutor$AbortPolicy.rejectedExecution(ThreadPoolExecutor.java:2055)
	at java.base/java.util.concurrent.ThreadPoolExecutor.reject(ThreadPoolExecutor.java:825)
	at java.base/java.util.concurrent.ThreadPoolExecutor.execute(ThreadPoolExecutor.java:1355)
	at org.apache.spark.executor.Executor.launchTask(Executor.scala:230)
	at org.apache.spark.scheduler.local.LocalEndpoint.$anonfun$reviveOffers$1(LocalSchedulerBackend.scala:93)
	at org.apache.spark.scheduler.local.LocalEndpoint.$anonfun$reviveOffers$1$adapted(LocalSchedulerBackend.scala:91)
	at scala.collection.Iterator.foreach(Iterator.scala:941)
	at scala.collection.Iterator.foreach$(Iterator.scala:941)
	at scala.collection.AbstractIterator.foreach(Iterator.scala:1429)
	at scala.collection.IterableLike.foreach(IterableLike.scala:74)
	at scala.collection.IterableLike.foreach$(IterableLike.scala:73)
	at scala.collection.AbstractIterable.foreach(Iterable.scala:56)
	at org.apache.spark.scheduler.local.LocalEndpoint.reviveOffers(LocalSchedulerBackend.scala:91)
	at org.apache.spark.scheduler.local.LocalEndpoint$$anonfun$receive$1.applyOrElse(LocalSchedulerBackend.scala:74)
	at org.apache.spark.rpc.netty.Inbox.$anonfun$process$1(Inbox.scala:115)
	at org.apache.spark.rpc.netty.Inbox.safelyCall(Inbox.scala:203)
	at org.apache.spark.rpc.netty.Inbox.process(Inbox.scala:100)
	at org.apache.spark.rpc.netty.MessageLoop.org$apache$spark$rpc$netty$MessageLoop$$receiveLoop(MessageLoop.scala:75)
	at org.apache.spark.rpc.netty.MessageLoop$$anon$1.run(MessageLoop.scala:41)
	at java.base/java.util.concurrent.ThreadPoolExecutor.runWorker(ThreadPoolExecutor.java:1128)
	at java.base/java.util.concurrent.ThreadPoolExecutor$Worker.run(ThreadPoolExecutor.java:628)
	at java.base/java.lang.Thread.run(Thread.java:834)
21/07/28 21:24:02 ERROR Inbox: Ignoring error
java.util.concurrent.RejectedExecutionException: Task org.apache.spark.executor.Executor$TaskRunner@7b0144c0 rejected from java.util.concurrent.ThreadPoolExecutor@5ce85711[Terminated, pool size = 0, active threads = 0, queued tasks = 0, completed tasks = 35290]
	at java.base/java.util.concurrent.ThreadPoolExecutor$AbortPolicy.rejectedExecution(ThreadPoolExecutor.java:2055)
	at java.base/java.util.concurrent.ThreadPoolExecutor.reject(ThreadPoolExecutor.java:825)
	at java.base/java.util.concurrent.ThreadPoolExecutor.execute(ThreadPoolExecutor.java:1355)
	at org.apache.spark.executor.Executor.launchTask(Executor.scala:230)
	at org.apache.spark.scheduler.local.LocalEndpoint.$anonfun$reviveOffers$1(LocalSchedulerBackend.scala:93)
	at org.apache.spark.scheduler.local.LocalEndpoint.$anonfun$reviveOffers$1$adapted(LocalSchedulerBackend.scala:91)
	at scala.collection.Iterator.foreach(Iterator.scala:941)
	at scala.collection.Iterator.foreach$(Iterator.scala:941)
	at scala.collection.AbstractIterator.foreach(Iterator.scala:1429)
	at scala.collection.IterableLike.foreach(IterableLike.scala:74)
	at scala.collection.IterableLike.foreach$(IterableLike.scala:73)
	at scala.collection.AbstractIterable.foreach(Iterable.scala:56)
	at org.apache.spark.scheduler.local.LocalEndpoint.reviveOffers(LocalSchedulerBackend.scala:91)
	at org.apache.spark.scheduler.local.LocalEndpoint$$anonfun$receive$1.applyOrElse(LocalSchedulerBackend.scala:74)
	at org.apache.spark.rpc.netty.Inbox.$anonfun$process$1(Inbox.scala:115)
	at org.apache.spark.rpc.netty.Inbox.safelyCall(Inbox.scala:203)
	at org.apache.spark.rpc.netty.Inbox.process(Inbox.scala:100)
	at org.apache.spark.rpc.netty.MessageLoop.org$apache$spark$rpc$netty$MessageLoop$$receiveLoop(MessageLoop.scala:75)
	at org.apache.spark.rpc.netty.MessageLoop$$anon$1.run(MessageLoop.scala:41)
	at java.base/java.util.concurrent.ThreadPoolExecutor.runWorker(ThreadPoolExecutor.java:1128)
	at java.base/java.util.concurrent.ThreadPoolExecutor$Worker.run(ThreadPoolExecutor.java:628)
	at java.base/java.lang.Thread.run(Thread.java:834)
21/07/28 21:24:02 ERROR Inbox: Ignoring error
java.util.concurrent.RejectedExecutionException: Task org.apache.spark.executor.Executor$TaskRunner@5ee62590 rejected from java.util.concurrent.ThreadPoolExecutor@5ce85711[Terminated, pool size = 0, active threads = 0, queued tasks = 0, completed tasks = 35290]
	at java.base/java.util.concurrent.ThreadPoolExecutor$AbortPolicy.rejectedExecution(ThreadPoolExecutor.java:2055)
	at java.base/java.util.concurrent.ThreadPoolExecutor.reject(ThreadPoolExecutor.java:825)
	at java.base/java.util.concurrent.ThreadPoolExecutor.execute(ThreadPoolExecutor.java:1355)
	at org.apache.spark.executor.Executor.launchTask(Executor.scala:230)
	at org.apache.spark.scheduler.local.LocalEndpoint.$anonfun$reviveOffers$1(LocalSchedulerBackend.scala:93)
	at org.apache.spark.scheduler.local.LocalEndpoint.$anonfun$reviveOffers$1$adapted(LocalSchedulerBackend.scala:91)
	at scala.collection.Iterator.foreach(Iterator.scala:941)
	at scala.collection.Iterator.foreach$(Iterator.scala:941)
	at scala.collection.AbstractIterator.foreach(Iterator.scala:1429)
	at scala.collection.IterableLike.foreach(IterableLike.scala:74)
	at scala.collection.IterableLike.foreach$(IterableLike.scala:73)
	at scala.collection.AbstractIterable.foreach(Iterable.scala:56)
	at org.apache.spark.scheduler.local.LocalEndpoint.reviveOffers(LocalSchedulerBackend.scala:91)
	at org.apache.spark.scheduler.local.LocalEndpoint$$anonfun$receive$1.applyOrElse(LocalSchedulerBackend.scala:74)
	at org.apache.spark.rpc.netty.Inbox.$anonfun$process$1(Inbox.scala:115)
	at org.apache.spark.rpc.netty.Inbox.safelyCall(Inbox.scala:203)
	at org.apache.spark.rpc.netty.Inbox.process(Inbox.scala:100)
	at org.apache.spark.rpc.netty.MessageLoop.org$apache$spark$rpc$netty$MessageLoop$$receiveLoop(MessageLoop.scala:75)
	at org.apache.spark.rpc.netty.MessageLoop$$anon$1.run(MessageLoop.scala:41)
	at java.base/java.util.concurrent.ThreadPoolExecutor.runWorker(ThreadPoolExecutor.java:1128)
	at java.base/java.util.concurrent.ThreadPoolExecutor$Worker.run(ThreadPoolExecutor.java:628)
	at java.base/java.lang.Thread.run(Thread.java:834)
21/07/28 21:24:02 ERROR Inbox: Ignoring error
java.util.concurrent.RejectedExecutionException: Task org.apache.spark.executor.Executor$TaskRunner@5ee62590 rejected from java.util.concurrent.ThreadPoolExecutor@5ce85711[Terminated, pool size = 0, active threads = 0, queued tasks = 0, completed tasks = 35290]
	at java.base/java.util.concurrent.ThreadPoolExecutor$AbortPolicy.rejectedExecution(ThreadPoolExecutor.java:2055)
	at java.base/java.util.concurrent.ThreadPoolExecutor.reject(ThreadPoolExecutor.java:825)
	at java.base/java.util.concurrent.ThreadPoolExecutor.execute(ThreadPoolExecutor.java:1355)
	at org.apache.spark.executor.Executor.launchTask(Executor.scala:230)
	at org.apache.spark.scheduler.local.LocalEndpoint.$anonfun$reviveOffers$1(LocalSchedulerBackend.scala:93)
	at org.apache.spark.scheduler.local.LocalEndpoint.$anonfun$reviveOffers$1$adapted(LocalSchedulerBackend.scala:91)
	at scala.collection.Iterator.foreach(Iterator.scala:941)
	at scala.collection.Iterator.foreach$(Iterator.scala:941)
	at scala.collection.AbstractIterator.foreach(Iterator.scala:1429)
	at scala.collection.IterableLike.foreach(IterableLike.scala:74)
	at scala.collection.IterableLike.foreach$(IterableLike.scala:73)
	at scala.collection.AbstractIterable.foreach(Iterable.scala:56)
	at org.apache.spark.scheduler.local.LocalEndpoint.reviveOffers(LocalSchedulerBackend.scala:91)
	at org.apache.spark.scheduler.local.LocalEndpoint$$anonfun$receive$1.applyOrElse(LocalSchedulerBackend.scala:74)
	at org.apache.spark.rpc.netty.Inbox.$anonfun$process$1(Inbox.scala:115)
	at org.apache.spark.rpc.netty.Inbox.safelyCall(Inbox.scala:203)
	at org.apache.spark.rpc.netty.Inbox.process(Inbox.scala:100)
	at org.apache.spark.rpc.netty.MessageLoop.org$apache$spark$rpc$netty$MessageLoop$$receiveLoop(MessageLoop.scala:75)
	at org.apache.spark.rpc.netty.MessageLoop$$anon$1.run(MessageLoop.scala:41)
	at java.base/java.util.concurrent.ThreadPoolExecutor.runWorker(ThreadPoolExecutor.java:1128)
	at java.base/java.util.concurrent.ThreadPoolExecutor$Worker.run(ThreadPoolExecutor.java:628)
	at java.base/java.lang.Thread.run(Thread.java:834)
21/07/28 21:24:02 ERROR Inbox: Ignoring error
java.util.concurrent.RejectedExecutionException: Task org.apache.spark.executor.Executor$TaskRunner@17c5941a rejected from java.util.concurrent.ThreadPoolExecutor@5ce85711[Terminated, pool size = 0, active threads = 0, queued tasks = 0, completed tasks = 35290]
	at java.base/java.util.concurrent.ThreadPoolExecutor$AbortPolicy.rejectedExecution(ThreadPoolExecutor.java:2055)
	at java.base/java.util.concurrent.ThreadPoolExecutor.reject(ThreadPoolExecutor.java:825)
	at java.base/java.util.concurrent.ThreadPoolExecutor.execute(ThreadPoolExecutor.java:1355)
	at org.apache.spark.executor.Executor.launchTask(Executor.scala:230)
	at org.apache.spark.scheduler.local.LocalEndpoint.$anonfun$reviveOffers$1(LocalSchedulerBackend.scala:93)
	at org.apache.spark.scheduler.local.LocalEndpoint.$anonfun$reviveOffers$1$adapted(LocalSchedulerBackend.scala:91)
	at scala.collection.Iterator.foreach(Iterator.scala:941)
	at scala.collection.Iterator.foreach$(Iterator.scala:941)
	at scala.collection.AbstractIterator.foreach(Iterator.scala:1429)
	at scala.collection.IterableLike.foreach(IterableLike.scala:74)
	at scala.collection.IterableLike.foreach$(IterableLike.scala:73)
	at scala.collection.AbstractIterable.foreach(Iterable.scala:56)
	at org.apache.spark.scheduler.local.LocalEndpoint.reviveOffers(LocalSchedulerBackend.scala:91)
	at org.apache.spark.scheduler.local.LocalEndpoint$$anonfun$receive$1.applyOrElse(LocalSchedulerBackend.scala:74)
	at org.apache.spark.rpc.netty.Inbox.$anonfun$process$1(Inbox.scala:115)
	at org.apache.spark.rpc.netty.Inbox.safelyCall(Inbox.scala:203)
	at org.apache.spark.rpc.netty.Inbox.process(Inbox.scala:100)
	at org.apache.spark.rpc.netty.MessageLoop.org$apache$spark$rpc$netty$MessageLoop$$receiveLoop(MessageLoop.scala:75)
	at org.apache.spark.rpc.netty.MessageLoop$$anon$1.run(MessageLoop.scala:41)
	at java.base/java.util.concurrent.ThreadPoolExecutor.runWorker(ThreadPoolExecutor.java:1128)
	at java.base/java.util.concurrent.ThreadPoolExecutor$Worker.run(ThreadPoolExecutor.java:628)
	at java.base/java.lang.Thread.run(Thread.java:834)
21/07/28 21:24:02 ERROR Inbox: Ignoring error
java.util.concurrent.RejectedExecutionException: Task org.apache.spark.executor.Executor$TaskRunner@17c5941a rejected from java.util.concurrent.ThreadPoolExecutor@5ce85711[Terminated, pool size = 0, active threads = 0, queued tasks = 0, completed tasks = 35290]
	at java.base/java.util.concurrent.ThreadPoolExecutor$AbortPolicy.rejectedExecution(ThreadPoolExecutor.java:2055)
	at java.base/java.util.concurrent.ThreadPoolExecutor.reject(ThreadPoolExecutor.java:825)
	at java.base/java.util.concurrent.ThreadPoolExecutor.execute(ThreadPoolExecutor.java:1355)
	at org.apache.spark.executor.Executor.launchTask(Executor.scala:230)
	at org.apache.spark.scheduler.local.LocalEndpoint.$anonfun$reviveOffers$1(LocalSchedulerBackend.scala:93)
	at org.apache.spark.scheduler.local.LocalEndpoint.$anonfun$reviveOffers$1$adapted(LocalSchedulerBackend.scala:91)
	at scala.collection.Iterator.foreach(Iterator.scala:941)
	at scala.collection.Iterator.foreach$(Iterator.scala:941)
	at scala.collection.AbstractIterator.foreach(Iterator.scala:1429)
	at scala.collection.IterableLike.foreach(IterableLike.scala:74)
	at scala.collection.IterableLike.foreach$(IterableLike.scala:73)
	at scala.collection.AbstractIterable.foreach(Iterable.scala:56)
	at org.apache.spark.scheduler.local.LocalEndpoint.reviveOffers(LocalSchedulerBackend.scala:91)
	at org.apache.spark.scheduler.local.LocalEndpoint$$anonfun$receive$1.applyOrElse(LocalSchedulerBackend.scala:74)
	at org.apache.spark.rpc.netty.Inbox.$anonfun$process$1(Inbox.scala:115)
	at org.apache.spark.rpc.netty.Inbox.safelyCall(Inbox.scala:203)
	at org.apache.spark.rpc.netty.Inbox.process(Inbox.scala:100)
	at org.apache.spark.rpc.netty.MessageLoop.org$apache$spark$rpc$netty$MessageLoop$$receiveLoop(MessageLoop.scala:75)
	at org.apache.spark.rpc.netty.MessageLoop$$anon$1.run(MessageLoop.scala:41)
	at java.base/java.util.concurrent.ThreadPoolExecutor.runWorker(ThreadPoolExecutor.java:1128)
	at java.base/java.util.concurrent.ThreadPoolExecutor$Worker.run(ThreadPoolExecutor.java:628)
	at java.base/java.lang.Thread.run(Thread.java:834)
21/07/28 21:24:02 ERROR Inbox: Ignoring error
java.util.concurrent.RejectedExecutionException: Task org.apache.spark.executor.Executor$TaskRunner@429cb496 rejected from java.util.concurrent.ThreadPoolExecutor@5ce85711[Terminated, pool size = 0, active threads = 0, queued tasks = 0, completed tasks = 35290]
	at java.base/java.util.concurrent.ThreadPoolExecutor$AbortPolicy.rejectedExecution(ThreadPoolExecutor.java:2055)
	at java.base/java.util.concurrent.ThreadPoolExecutor.reject(ThreadPoolExecutor.java:825)
	at java.base/java.util.concurrent.ThreadPoolExecutor.execute(ThreadPoolExecutor.java:1355)
	at org.apache.spark.executor.Executor.launchTask(Executor.scala:230)
	at org.apache.spark.scheduler.local.LocalEndpoint.$anonfun$reviveOffers$1(LocalSchedulerBackend.scala:93)
	at org.apache.spark.scheduler.local.LocalEndpoint.$anonfun$reviveOffers$1$adapted(LocalSchedulerBackend.scala:91)
	at scala.collection.Iterator.foreach(Iterator.scala:941)
	at scala.collection.Iterator.foreach$(Iterator.scala:941)
	at scala.collection.AbstractIterator.foreach(Iterator.scala:1429)
	at scala.collection.IterableLike.foreach(IterableLike.scala:74)
	at scala.collection.IterableLike.foreach$(IterableLike.scala:73)
	at scala.collection.AbstractIterable.foreach(Iterable.scala:56)
	at org.apache.spark.scheduler.local.LocalEndpoint.reviveOffers(LocalSchedulerBackend.scala:91)
	at org.apache.spark.scheduler.local.LocalEndpoint$$anonfun$receive$1.applyOrElse(LocalSchedulerBackend.scala:74)
	at org.apache.spark.rpc.netty.Inbox.$anonfun$process$1(Inbox.scala:115)
	at org.apache.spark.rpc.netty.Inbox.safelyCall(Inbox.scala:203)
	at org.apache.spark.rpc.netty.Inbox.process(Inbox.scala:100)
	at org.apache.spark.rpc.netty.MessageLoop.org$apache$spark$rpc$netty$MessageLoop$$receiveLoop(MessageLoop.scala:75)
	at org.apache.spark.rpc.netty.MessageLoop$$anon$1.run(MessageLoop.scala:41)
	at java.base/java.util.concurrent.ThreadPoolExecutor.runWorker(ThreadPoolExecutor.java:1128)
	at java.base/java.util.concurrent.ThreadPoolExecutor$Worker.run(ThreadPoolExecutor.java:628)
	at java.base/java.lang.Thread.run(Thread.java:834)
21/07/28 21:24:02 ERROR Inbox: Ignoring error
java.util.concurrent.RejectedExecutionException: Task org.apache.spark.executor.Executor$TaskRunner@429cb496 rejected from java.util.concurrent.ThreadPoolExecutor@5ce85711[Terminated, pool size = 0, active threads = 0, queued tasks = 0, completed tasks = 35290]
	at java.base/java.util.concurrent.ThreadPoolExecutor$AbortPolicy.rejectedExecution(ThreadPoolExecutor.java:2055)
	at java.base/java.util.concurrent.ThreadPoolExecutor.reject(ThreadPoolExecutor.java:825)
	at java.base/java.util.concurrent.ThreadPoolExecutor.execute(ThreadPoolExecutor.java:1355)
	at org.apache.spark.executor.Executor.launchTask(Executor.scala:230)
	at org.apache.spark.scheduler.local.LocalEndpoint.$anonfun$reviveOffers$1(LocalSchedulerBackend.scala:93)
	at org.apache.spark.scheduler.local.LocalEndpoint.$anonfun$reviveOffers$1$adapted(LocalSchedulerBackend.scala:91)
	at scala.collection.Iterator.foreach(Iterator.scala:941)
	at scala.collection.Iterator.foreach$(Iterator.scala:941)
	at scala.collection.AbstractIterator.foreach(Iterator.scala:1429)
	at scala.collection.IterableLike.foreach(IterableLike.scala:74)
	at scala.collection.IterableLike.foreach$(IterableLike.scala:73)
	at scala.collection.AbstractIterable.foreach(Iterable.scala:56)
	at org.apache.spark.scheduler.local.LocalEndpoint.reviveOffers(LocalSchedulerBackend.scala:91)
	at org.apache.spark.scheduler.local.LocalEndpoint$$anonfun$receive$1.applyOrElse(LocalSchedulerBackend.scala:74)
	at org.apache.spark.rpc.netty.Inbox.$anonfun$process$1(Inbox.scala:115)
	at org.apache.spark.rpc.netty.Inbox.safelyCall(Inbox.scala:203)
	at org.apache.spark.rpc.netty.Inbox.process(Inbox.scala:100)
	at org.apache.spark.rpc.netty.MessageLoop.org$apache$spark$rpc$netty$MessageLoop$$receiveLoop(MessageLoop.scala:75)
	at org.apache.spark.rpc.netty.MessageLoop$$anon$1.run(MessageLoop.scala:41)
	at java.base/java.util.concurrent.ThreadPoolExecutor.runWorker(ThreadPoolExecutor.java:1128)
	at java.base/java.util.concurrent.ThreadPoolExecutor$Worker.run(ThreadPoolExecutor.java:628)
	at java.base/java.lang.Thread.run(Thread.java:834)
21/07/28 21:24:02 WARN Client: Zingg processing has completed
