21/07/31 21:53:50 WARN NativeCodeLoader: Unable to load native-hadoop library for your platform... using builtin-java classes where applicable
21/07/31 21:53:50 INFO Client: 
21/07/31 21:53:50 INFO Client: ********************************************************
21/07/31 21:53:50 INFO Client: *                    Zingg AI                           *
21/07/31 21:53:50 INFO Client: *               (C) 2021 Zingg.AI                       *
21/07/31 21:53:50 INFO Client: ********************************************************
21/07/31 21:53:50 INFO Client: 
21/07/31 21:53:50 INFO Client: using: Zingg v0.3
21/07/31 21:53:50 INFO Client: 
21/07/31 21:53:51 WARN Arguments: Config Argument is examples/febrl120k/config.json
21/07/31 21:53:52 WARN Arguments: phase is match
21/07/31 21:53:52 WARN SparkConf: Note that spark.local.dir will be overridden by the value set by the cluster manager (via SPARK_LOCAL_DIRS in mesos/standalone/kubernetes and LOCAL_DIRS in YARN).
21/07/31 21:53:52 WARN SparkConf: Note that spark.local.dir will be overridden by the value set by the cluster manager (via SPARK_LOCAL_DIRS in mesos/standalone/kubernetes and LOCAL_DIRS in YARN).
21/07/31 21:54:01 WARN SimpleFunctionRegistry: The function round replaced a previously registered function.
21/07/31 21:54:01 WARN SimpleFunctionRegistry: The function round replaced a previously registered function.
21/07/31 21:54:01 INFO ZinggBase: Start reading internal configurations and functions
21/07/31 21:54:01 INFO ZinggBase: Finished reading internal configurations and functions
21/07/31 21:54:01 WARN PipeUtil: Reading input csv
21/07/31 21:55:12 INFO Matcher: Read 500000
21/07/31 21:56:31 INFO Matcher: Blocked 500000
21/07/31 21:57:22 INFO Instrumentation: [f9ddd1a8] training finished
21/07/31 21:57:22 INFO Instrumentation: [f9ddd1a8] training finished
21/07/31 21:57:22 INFO Instrumentation: [f9ddd1a8] training finished
21/07/31 21:57:22 INFO Instrumentation: [2ca46034] training finished
21/07/31 21:57:22 INFO Instrumentation: [2ca46034] training finished
21/07/31 21:57:22 INFO Instrumentation: [2ca46034] training finished
21/07/31 21:57:26 INFO Instrumentation: [d92d17b2] training finished
21/07/31 21:57:26 INFO Instrumentation: [d92d17b2] training finished
21/07/31 21:57:26 INFO Instrumentation: [d92d17b2] training finished
21/07/31 21:57:26 INFO Instrumentation: [c0d79797] training finished
21/07/31 21:57:26 INFO Instrumentation: [c0d79797] training finished
21/07/31 21:57:26 INFO Instrumentation: [c0d79797] training finished
21/07/31 21:57:26 INFO Model: threshold while predicting is 0.5
21/07/31 21:57:27 INFO Instrumentation: [051273ae] training finished
21/07/31 21:57:27 INFO Instrumentation: [051273ae] training finished
21/07/31 21:57:27 INFO Instrumentation: [051273ae] training finished
21/07/31 21:57:27 WARN package: Truncated the string representation of a plan since it was too large. This behavior can be adjusted by setting 'spark.sql.debug.maxToStringFields'.
21/07/31 21:57:27 WARN package: Truncated the string representation of a plan since it was too large. This behavior can be adjusted by setting 'spark.sql.debug.maxToStringFields'.
21/07/31 22:34:57 WARN BLAS: Failed to load implementation from: com.github.fommil.netlib.NativeSystemBLAS
21/07/31 22:34:57 WARN BLAS: Failed to load implementation from: com.github.fommil.netlib.NativeRefBLAS
21/08/01 03:00:57 WARN DAGScheduler: Broadcasting large task binary with size 1002.2 KiB
21/08/01 03:00:57 WARN DAGScheduler: Broadcasting large task binary with size 1002.2 KiB
21/08/01 03:01:04 WARN DAGScheduler: Broadcasting large task binary with size 1007.8 KiB
21/08/01 03:01:04 WARN DAGScheduler: Broadcasting large task binary with size 1007.8 KiB
21/08/01 03:01:07 WARN DAGScheduler: Broadcasting large task binary with size 1013.3 KiB
21/08/01 03:01:07 WARN DAGScheduler: Broadcasting large task binary with size 1013.3 KiB
21/08/01 03:01:08 WARN DAGScheduler: Broadcasting large task binary with size 1018.6 KiB
21/08/01 03:01:08 WARN DAGScheduler: Broadcasting large task binary with size 1018.6 KiB
21/08/01 03:01:12 WARN DAGScheduler: Broadcasting large task binary with size 1023.8 KiB
21/08/01 03:01:12 WARN DAGScheduler: Broadcasting large task binary with size 1023.8 KiB
21/08/01 03:01:16 WARN DAGScheduler: Broadcasting large task binary with size 1004.5 KiB
21/08/01 03:01:16 WARN DAGScheduler: Broadcasting large task binary with size 1004.5 KiB
21/08/01 03:01:18 WARN DAGScheduler: Broadcasting large task binary with size 1034.3 KiB
21/08/01 03:01:18 WARN DAGScheduler: Broadcasting large task binary with size 1034.3 KiB
21/08/01 03:01:22 WARN DAGScheduler: Broadcasting large task binary with size 1053.4 KiB
21/08/01 03:01:22 WARN DAGScheduler: Broadcasting large task binary with size 1053.4 KiB
21/08/01 03:01:26 WARN DAGScheduler: Broadcasting large task binary with size 1060.9 KiB
21/08/01 03:01:26 WARN DAGScheduler: Broadcasting large task binary with size 1060.9 KiB
21/08/01 03:01:30 WARN DAGScheduler: Broadcasting large task binary with size 1043.0 KiB
21/08/01 03:01:30 WARN DAGScheduler: Broadcasting large task binary with size 1043.0 KiB
21/08/01 03:01:33 WARN DAGScheduler: Broadcasting large task binary with size 1080.9 KiB
21/08/01 03:01:33 WARN DAGScheduler: Broadcasting large task binary with size 1080.9 KiB
21/08/01 03:01:39 WARN DAGScheduler: Broadcasting large task binary with size 1218.1 KiB
21/08/01 03:01:39 WARN DAGScheduler: Broadcasting large task binary with size 1218.1 KiB
21/08/01 03:02:26 WARN PipeUtil: Writing output Pipe [name=output, format=CSV, preprocessors=null, props={location=/tmp/zinggOutput, delimiter=,, header=true}, schema=null]
21/08/01 03:02:26 WARN PipeUtil: Writing file
21/08/01 03:06:20 WARN DAGScheduler: Broadcasting large task binary with size 1292.0 KiB
21/08/01 03:06:20 WARN DAGScheduler: Broadcasting large task binary with size 1292.0 KiB
21/08/01 03:09:34 WARN Client: Zingg processing has completed
